0 verbose cli C:\Program Files\nodejs\node.exe C:\Program Files\nodejs\node_modules\npm\bin\npm-cli.js
1 info using npm@11.9.0
2 info using node@v24.14.0
3 silly config load:file:C:\Program Files\nodejs\node_modules\npm\npmrc
4 silly config load:file:C:\abogadotech\.npmrc
5 silly config load:file:C:\Users\Abogado Tech\.npmrc
6 silly config load:file:C:\Users\Abogado Tech\AppData\Roaming\npm\etc\npmrc
7 verbose title npm view @supabase/ssr version
8 verbose argv "view" "@supabase/ssr" "version"
9 verbose logfile logs-max:10 dir:C:\abogadotech\.npm-cache\_logs\2026-04-30T22_08_09_858Z-
10 verbose logfile C:\abogadotech\.npm-cache\_logs\2026-04-30T22_08_09_858Z-debug-0.log
0 verbose cli C:\Program Files\nodejs\node.exe C:\Program Files\nodejs\node_modules\npm\bin\npm-cli.js
1 info using npm@11.9.0
2 info using node@v24.14.0
3 silly config load:file:C:\Program Files\nodejs\node_modules\npm\npmrc
4 silly config load:file:C:\abogadotech\.npmrc
5 silly config load:file:C:\Users\Abogado Tech\.npmrc
6 silly config load:file:C:\Users\Abogado Tech\AppData\Roaming\npm\etc\npmrc
7 verbose title npm view next version
8 verbose argv "view" "next" "version"
9 verbose logfile logs-max:10 dir:C:\abogadotech\.npm-cache\_logs\2026-04-30T22_08_09_858Z-
10 verbose logfile C:\abogadotech\.npm-cache\_logs\2026-04-30T22_08_09_858Z-debug-0.log
11 silly logfile done cleaning log files
11 silly logfile done cleaning log files
12 http fetch GET 200 https://registry.npmjs.org/@supabase%2fssr 552ms (cache miss)
13 verbose cwd C:\abogadotech
14 verbose os Windows_NT 10.0.19045
15 verbose node v24.14.0
16 verbose npm  v11.9.0
17 verbose exit 0
18 info ok
12 http fetch GET 200 https://registry.npmjs.org/npm 978ms
13 http fetch GET 200 https://registry.npmjs.org/next 1350ms (cache miss)
14 verbose cwd C:\abogadotech
15 verbose os Windows_NT 10.0.19045
16 verbose node v24.14.0
17 verbose npm  v11.9.0
18 notice
18 notice New minor version of npm available! 11.9.0 -> 11.13.0
18 notice Changelog: https://github.com/npm/cli/releases/tag/v11.13.0
18 notice To update run: npm install -g npm@11.13.0
18 notice  { force: true, Symbol(proc-log.meta): true }
19 verbose exit 0
20 info ok
