0 verbose cli C:\Program Files\nodejs\node.exe C:\Program Files\nodejs\node_modules\npm\bin\npm-cli.js
1 info using npm@11.9.0
2 info using node@v24.14.0
3 silly config load:file:C:\Program Files\nodejs\node_modules\npm\npmrc
4 silly config load:file:C:\abogadotech\.npmrc
5 silly config load:file:C:\Users\Abogado Tech\.npmrc
6 silly config load:file:C:\Users\Abogado Tech\AppData\Roaming\npm\etc\npmrc
7 verbose title npm install
8 verbose argv "install"
9 verbose logfile logs-max:10 dir:C:\abogadotech\.npm-cache\_logs\2026-04-30T22_12_55_641Z-
10 verbose logfile C:\abogadotech\.npm-cache\_logs\2026-04-30T22_12_55_641Z-debug-0.log
11 silly logfile done cleaning log files
12 silly packumentCache heap:2348810240 maxSize:587202560 maxEntrySize:293601280
13 silly idealTree buildDeps
14 silly fetch manifest next@16.2.4
15 silly packumentCache full:https://registry.npmjs.org/next cache-miss
16 http cache https://registry.npmjs.org/next 135ms (cache hit)
17 silly packumentCache full:https://registry.npmjs.org/next set size:30237198 disposed:false
18 silly fetch manifest @opentelemetry/api@^1.1.0
19 silly packumentCache full:https://registry.npmjs.org/@opentelemetry%2fapi cache-miss
20 http cache https://registry.npmjs.org/@opentelemetry%2fapi 12ms (cache hit)
21 silly packumentCache full:https://registry.npmjs.org/@opentelemetry%2fapi set size:272909 disposed:false
22 silly fetch manifest @playwright/test@^1.51.1
23 silly packumentCache full:https://registry.npmjs.org/@playwright%2ftest cache-miss
24 http cache https://registry.npmjs.org/@playwright%2ftest 51ms (cache hit)
25 silly packumentCache full:https://registry.npmjs.org/@playwright%2ftest set size:9061017 disposed:false
26 silly fetch manifest babel-plugin-react-compiler@*
27 silly packumentCache full:https://registry.npmjs.org/babel-plugin-react-compiler cache-miss
28 http cache https://registry.npmjs.org/babel-plugin-react-compiler 23ms (cache hit)
29 silly packumentCache full:https://registry.npmjs.org/babel-plugin-react-compiler set size:1347051 disposed:false
30 silly fetch manifest react@19.2.5
31 silly packumentCache full:https://registry.npmjs.org/react cache-miss
32 http cache https://registry.npmjs.org/react 40ms (cache hit)
33 silly packumentCache full:https://registry.npmjs.org/react set size:6633619 disposed:false
34 silly fetch manifest react-dom@19.2.5
35 silly packumentCache full:https://registry.npmjs.org/react-dom cache-miss
36 http cache https://registry.npmjs.org/react-dom 51ms (cache hit)
37 silly packumentCache full:https://registry.npmjs.org/react-dom set size:8839555 disposed:false
38 silly fetch manifest sass@^1.3.0
39 silly packumentCache full:https://registry.npmjs.org/sass cache-miss
40 http cache https://registry.npmjs.org/sass 20ms (cache hit)
41 silly packumentCache full:https://registry.npmjs.org/sass set size:726244 disposed:false
42 silly placeDep ROOT next@16.2.4 REPLACE for: abogado-tech@0.1.0 want: 16.2.4
43 silly fetch manifest @next/swc-darwin-x64@16.2.4
44 silly packumentCache full:https://registry.npmjs.org/@next%2fswc-darwin-x64 cache-miss
45 silly fetch manifest @next/swc-darwin-arm64@16.2.4
46 silly packumentCache full:https://registry.npmjs.org/@next%2fswc-darwin-arm64 cache-miss
47 silly fetch manifest @next/swc-linux-x64-gnu@16.2.4
48 silly packumentCache full:https://registry.npmjs.org/@next%2fswc-linux-x64-gnu cache-miss
49 http cache https://registry.npmjs.org/@next%2fswc-linux-x64-gnu 74ms (cache hit)
50 silly packumentCache full:https://registry.npmjs.org/@next%2fswc-linux-x64-gnu set size:5261043 disposed:false
51 silly fetch manifest @next/swc-linux-x64-musl@16.2.4
52 silly packumentCache full:https://registry.npmjs.org/@next%2fswc-linux-x64-musl cache-miss
53 http cache https://registry.npmjs.org/@next%2fswc-darwin-arm64 190ms (cache hit)
54 silly packumentCache full:https://registry.npmjs.org/@next%2fswc-darwin-arm64 set size:5212374 disposed:false
55 silly fetch manifest @next/swc-linux-arm64-gnu@16.2.4
56 silly packumentCache full:https://registry.npmjs.org/@next%2fswc-linux-arm64-gnu cache-miss
57 http cache https://registry.npmjs.org/@next%2fswc-darwin-x64 319ms (cache hit)
58 silly packumentCache full:https://registry.npmjs.org/@next%2fswc-darwin-x64 set size:5155953 disposed:false
59 silly fetch manifest @next/swc-linux-arm64-musl@16.2.4
60 silly packumentCache full:https://registry.npmjs.org/@next%2fswc-linux-arm64-musl cache-miss
61 http cache https://registry.npmjs.org/@next%2fswc-linux-arm64-gnu 184ms (cache hit)
62 silly packumentCache full:https://registry.npmjs.org/@next%2fswc-linux-arm64-gnu set size:5064039 disposed:false
63 silly fetch manifest @next/swc-win32-arm64-msvc@16.2.4
64 silly packumentCache full:https://registry.npmjs.org/@next%2fswc-win32-arm64-msvc cache-miss
65 http cache https://registry.npmjs.org/@next%2fswc-linux-x64-musl 473ms (cache hit)
66 silly packumentCache full:https://registry.npmjs.org/@next%2fswc-linux-x64-musl set size:5017158 disposed:false
67 http cache https://registry.npmjs.org/@next%2fswc-linux-arm64-musl 341ms (cache hit)
68 silly packumentCache full:https://registry.npmjs.org/@next%2fswc-linux-arm64-musl set size:5081742 disposed:false
69 http cache https://registry.npmjs.org/@next%2fswc-win32-arm64-msvc 293ms (cache hit)
70 silly packumentCache full:https://registry.npmjs.org/@next%2fswc-win32-arm64-msvc set size:5046206 disposed:false
71 silly placeDep ROOT @next/swc-darwin-arm64@16.2.4 OK for: next@16.2.4 want: 16.2.4
72 silly placeDep ROOT @next/swc-darwin-x64@16.2.4 OK for: next@16.2.4 want: 16.2.4
73 silly placeDep ROOT @next/swc-linux-arm64-gnu@16.2.4 OK for: next@16.2.4 want: 16.2.4
74 silly placeDep ROOT @next/swc-linux-arm64-musl@16.2.4 OK for: next@16.2.4 want: 16.2.4
75 silly placeDep ROOT @next/swc-linux-x64-gnu@16.2.4 OK for: next@16.2.4 want: 16.2.4
76 silly placeDep ROOT @next/swc-linux-x64-musl@16.2.4 OK for: next@16.2.4 want: 16.2.4
77 silly placeDep ROOT @next/swc-win32-arm64-msvc@16.2.4 OK for: next@16.2.4 want: 16.2.4
78 silly fetch manifest @unrs/resolver-binding-win32-arm64-msvc@1.11.1
79 silly packumentCache full:https://registry.npmjs.org/@unrs%2fresolver-binding-win32-arm64-msvc cache-miss
80 http cache https://registry.npmjs.org/@unrs%2fresolver-binding-win32-arm64-msvc 42ms (cache hit)
81 silly packumentCache full:https://registry.npmjs.org/@unrs%2fresolver-binding-win32-arm64-msvc set size:59292 disposed:false
82 silly fetch manifest @unrs/resolver-binding-win32-ia32-msvc@1.11.1
83 silly packumentCache full:https://registry.npmjs.org/@unrs%2fresolver-binding-win32-ia32-msvc cache-miss
84 http cache https://registry.npmjs.org/@unrs%2fresolver-binding-win32-ia32-msvc 17ms (cache hit)
85 silly packumentCache full:https://registry.npmjs.org/@unrs%2fresolver-binding-win32-ia32-msvc set size:59023 disposed:false
86 silly fetch manifest @unrs/resolver-binding-linux-x64-gnu@1.11.1
87 silly packumentCache full:https://registry.npmjs.org/@unrs%2fresolver-binding-linux-x64-gnu cache-miss
88 http cache https://registry.npmjs.org/@unrs%2fresolver-binding-linux-x64-gnu 15ms (cache hit)
89 silly packumentCache full:https://registry.npmjs.org/@unrs%2fresolver-binding-linux-x64-gnu set size:59167 disposed:false
90 silly fetch manifest @unrs/resolver-binding-linux-x64-musl@1.11.1
91 silly packumentCache full:https://registry.npmjs.org/@unrs%2fresolver-binding-linux-x64-musl cache-miss
92 http cache https://registry.npmjs.org/@unrs%2fresolver-binding-linux-x64-musl 11ms (cache hit)
93 silly packumentCache full:https://registry.npmjs.org/@unrs%2fresolver-binding-linux-x64-musl set size:59364 disposed:false
94 silly fetch manifest @unrs/resolver-binding-freebsd-x64@1.11.1
95 silly packumentCache full:https://registry.npmjs.org/@unrs%2fresolver-binding-freebsd-x64 cache-miss
96 http cache https://registry.npmjs.org/@unrs%2fresolver-binding-freebsd-x64 11ms (cache hit)
97 silly packumentCache full:https://registry.npmjs.org/@unrs%2fresolver-binding-freebsd-x64 set size:58172 disposed:false
98 silly fetch manifest @unrs/resolver-binding-android-arm64@1.11.1
99 silly packumentCache full:https://registry.npmjs.org/@unrs%2fresolver-binding-android-arm64 cache-miss
100 http cache https://registry.npmjs.org/@unrs%2fresolver-binding-android-arm64 8ms (cache hit)
101 silly packumentCache full:https://registry.npmjs.org/@unrs%2fresolver-binding-android-arm64 set size:12351 disposed:false
102 silly fetch manifest @unrs/resolver-binding-linux-arm64-gnu@1.11.1
103 silly packumentCache full:https://registry.npmjs.org/@unrs%2fresolver-binding-linux-arm64-gnu cache-miss
104 http cache https://registry.npmjs.org/@unrs%2fresolver-binding-linux-arm64-gnu 7ms (cache hit)
105 silly packumentCache full:https://registry.npmjs.org/@unrs%2fresolver-binding-linux-arm64-gnu set size:59697 disposed:false
106 silly fetch manifest @unrs/resolver-binding-linux-arm64-musl@1.11.1
107 silly packumentCache full:https://registry.npmjs.org/@unrs%2fresolver-binding-linux-arm64-musl cache-miss
108 http cache https://registry.npmjs.org/@unrs%2fresolver-binding-linux-arm64-musl 10ms (cache hit)
109 silly packumentCache full:https://registry.npmjs.org/@unrs%2fresolver-binding-linux-arm64-musl set size:59889 disposed:false
110 silly fetch manifest @unrs/resolver-binding-android-arm-eabi@1.11.1
111 silly packumentCache full:https://registry.npmjs.org/@unrs%2fresolver-binding-android-arm-eabi cache-miss
112 http cache https://registry.npmjs.org/@unrs%2fresolver-binding-android-arm-eabi 11ms (cache hit)
113 silly packumentCache full:https://registry.npmjs.org/@unrs%2fresolver-binding-android-arm-eabi set size:12473 disposed:false
114 silly fetch manifest @unrs/resolver-binding-linux-arm-gnueabihf@1.11.1
115 silly packumentCache full:https://registry.npmjs.org/@unrs%2fresolver-binding-linux-arm-gnueabihf cache-miss
116 http cache https://registry.npmjs.org/@unrs%2fresolver-binding-linux-arm-gnueabihf 7ms (cache hit)
117 silly packumentCache full:https://registry.npmjs.org/@unrs%2fresolver-binding-linux-arm-gnueabihf set size:59902 disposed:false
118 silly fetch manifest @unrs/resolver-binding-linux-arm-musleabihf@1.11.1
119 silly packumentCache full:https://registry.npmjs.org/@unrs%2fresolver-binding-linux-arm-musleabihf cache-miss
120 http cache https://registry.npmjs.org/@unrs%2fresolver-binding-linux-arm-musleabihf 9ms (cache hit)
121 silly packumentCache full:https://registry.npmjs.org/@unrs%2fresolver-binding-linux-arm-musleabihf set size:60135 disposed:false
122 silly fetch manifest @unrs/resolver-binding-linux-ppc64-gnu@1.11.1
123 silly packumentCache full:https://registry.npmjs.org/@unrs%2fresolver-binding-linux-ppc64-gnu cache-miss
124 http cache https://registry.npmjs.org/@unrs%2fresolver-binding-linux-ppc64-gnu 10ms (cache hit)
125 silly packumentCache full:https://registry.npmjs.org/@unrs%2fresolver-binding-linux-ppc64-gnu set size:59704 disposed:false
126 silly fetch manifest @unrs/resolver-binding-linux-riscv64-gnu@1.11.1
127 silly packumentCache full:https://registry.npmjs.org/@unrs%2fresolver-binding-linux-riscv64-gnu cache-miss
128 http cache https://registry.npmjs.org/@unrs%2fresolver-binding-linux-riscv64-gnu 8ms (cache hit)
129 silly packumentCache full:https://registry.npmjs.org/@unrs%2fresolver-binding-linux-riscv64-gnu set size:50987 disposed:false
130 silly fetch manifest @unrs/resolver-binding-linux-riscv64-musl@1.11.1
131 silly packumentCache full:https://registry.npmjs.org/@unrs%2fresolver-binding-linux-riscv64-musl cache-miss
132 http cache https://registry.npmjs.org/@unrs%2fresolver-binding-linux-riscv64-musl 8ms (cache hit)
133 silly packumentCache full:https://registry.npmjs.org/@unrs%2fresolver-binding-linux-riscv64-musl set size:40293 disposed:false
134 silly fetch manifest @unrs/resolver-binding-linux-s390x-gnu@1.11.1
135 silly packumentCache full:https://registry.npmjs.org/@unrs%2fresolver-binding-linux-s390x-gnu cache-miss
136 http cache https://registry.npmjs.org/@unrs%2fresolver-binding-linux-s390x-gnu 9ms (cache hit)
137 silly packumentCache full:https://registry.npmjs.org/@unrs%2fresolver-binding-linux-s390x-gnu set size:59697 disposed:false
138 silly fetch manifest @unrs/resolver-binding-darwin-x64@1.11.1
139 silly packumentCache full:https://registry.npmjs.org/@unrs%2fresolver-binding-darwin-x64 cache-miss
140 http cache https://registry.npmjs.org/@unrs%2fresolver-binding-darwin-x64 7ms (cache hit)
141 silly packumentCache full:https://registry.npmjs.org/@unrs%2fresolver-binding-darwin-x64 set size:57901 disposed:false
142 silly fetch manifest @unrs/resolver-binding-darwin-arm64@1.11.1
143 silly packumentCache full:https://registry.npmjs.org/@unrs%2fresolver-binding-darwin-arm64 cache-miss
144 http cache https://registry.npmjs.org/@unrs%2fresolver-binding-darwin-arm64 8ms (cache hit)
145 silly packumentCache full:https://registry.npmjs.org/@unrs%2fresolver-binding-darwin-arm64 set size:58434 disposed:false
146 silly fetch manifest @unrs/resolver-binding-wasm32-wasi@1.11.1
147 silly packumentCache full:https://registry.npmjs.org/@unrs%2fresolver-binding-wasm32-wasi cache-miss
148 http cache https://registry.npmjs.org/@unrs%2fresolver-binding-wasm32-wasi 9ms (cache hit)
149 silly packumentCache full:https://registry.npmjs.org/@unrs%2fresolver-binding-wasm32-wasi set size:61704 disposed:false
150 silly placeDep ROOT @unrs/resolver-binding-android-arm-eabi@1.11.1 OK for: unrs-resolver@1.11.1 want: 1.11.1
151 silly placeDep ROOT @unrs/resolver-binding-android-arm64@1.11.1 OK for: unrs-resolver@1.11.1 want: 1.11.1
152 silly placeDep ROOT @unrs/resolver-binding-darwin-arm64@1.11.1 OK for: unrs-resolver@1.11.1 want: 1.11.1
153 silly placeDep ROOT @unrs/resolver-binding-darwin-x64@1.11.1 OK for: unrs-resolver@1.11.1 want: 1.11.1
154 silly placeDep ROOT @unrs/resolver-binding-freebsd-x64@1.11.1 OK for: unrs-resolver@1.11.1 want: 1.11.1
155 silly placeDep ROOT @unrs/resolver-binding-linux-arm-gnueabihf@1.11.1 OK for: unrs-resolver@1.11.1 want: 1.11.1
156 silly placeDep ROOT @unrs/resolver-binding-linux-arm-musleabihf@1.11.1 OK for: unrs-resolver@1.11.1 want: 1.11.1
157 silly placeDep ROOT @unrs/resolver-binding-linux-arm64-gnu@1.11.1 OK for: unrs-resolver@1.11.1 want: 1.11.1
158 silly placeDep ROOT @unrs/resolver-binding-linux-arm64-musl@1.11.1 OK for: unrs-resolver@1.11.1 want: 1.11.1
159 silly placeDep ROOT @unrs/resolver-binding-linux-ppc64-gnu@1.11.1 OK for: unrs-resolver@1.11.1 want: 1.11.1
160 silly placeDep ROOT @unrs/resolver-binding-linux-riscv64-gnu@1.11.1 OK for: unrs-resolver@1.11.1 want: 1.11.1
161 silly placeDep ROOT @unrs/resolver-binding-linux-riscv64-musl@1.11.1 OK for: unrs-resolver@1.11.1 want: 1.11.1
162 silly placeDep ROOT @unrs/resolver-binding-linux-s390x-gnu@1.11.1 OK for: unrs-resolver@1.11.1 want: 1.11.1
163 silly placeDep ROOT @unrs/resolver-binding-linux-x64-gnu@1.11.1 OK for: unrs-resolver@1.11.1 want: 1.11.1
164 silly placeDep ROOT @unrs/resolver-binding-linux-x64-musl@1.11.1 OK for: unrs-resolver@1.11.1 want: 1.11.1
165 silly placeDep ROOT @unrs/resolver-binding-wasm32-wasi@1.11.1 OK for: unrs-resolver@1.11.1 want: 1.11.1
166 silly placeDep ROOT @unrs/resolver-binding-win32-arm64-msvc@1.11.1 OK for: unrs-resolver@1.11.1 want: 1.11.1
167 silly placeDep ROOT @unrs/resolver-binding-win32-ia32-msvc@1.11.1 OK for: unrs-resolver@1.11.1 want: 1.11.1
168 silly fetch manifest @napi-rs/wasm-runtime@^0.2.11
169 silly packumentCache full:https://registry.npmjs.org/@napi-rs%2fwasm-runtime cache-miss
170 http cache https://registry.npmjs.org/@napi-rs%2fwasm-runtime 9ms (cache hit)
171 silly packumentCache full:https://registry.npmjs.org/@napi-rs%2fwasm-runtime set size:71273 disposed:false
172 silly placeDep ROOT @napi-rs/wasm-runtime@0.2.12 OK for: @unrs/resolver-binding-wasm32-wasi@1.11.1 want: ^0.2.11
173 silly fetch manifest @emnapi/core@^1.4.3
174 silly packumentCache full:https://registry.npmjs.org/@emnapi%2fcore cache-miss
175 silly fetch manifest @tybys/wasm-util@^0.10.0
176 silly packumentCache full:https://registry.npmjs.org/@tybys%2fwasm-util cache-miss
177 http cache https://registry.npmjs.org/@emnapi%2fcore 11ms (cache hit)
178 silly packumentCache full:https://registry.npmjs.org/@emnapi%2fcore set size:105841 disposed:false
179 http cache https://registry.npmjs.org/@tybys%2fwasm-util 12ms (cache hit)
180 silly packumentCache full:https://registry.npmjs.org/@tybys%2fwasm-util set size:55410 disposed:false
181 silly placeDep ROOT @emnapi/core@1.10.0 OK for: @napi-rs/wasm-runtime@0.2.12 want: ^1.4.3
182 silly placeDep ROOT @tybys/wasm-util@0.10.1 OK for: @napi-rs/wasm-runtime@0.2.12 want: ^0.10.0
183 silly fetch manifest @emnapi/wasi-threads@1.2.1
184 silly packumentCache full:https://registry.npmjs.org/@emnapi%2fwasi-threads cache-miss
185 http cache https://registry.npmjs.org/@emnapi%2fwasi-threads 11ms (cache hit)
186 silly packumentCache full:https://registry.npmjs.org/@emnapi%2fwasi-threads set size:24206 disposed:false
187 silly placeDep ROOT @emnapi/wasi-threads@1.2.1 OK for: @emnapi/core@1.10.0 want: 1.2.1
188 silly reify mark retired [ 'C:\\abogadotech\\node_modules\\next' ]
189 silly reify mark retired [
189 silly reify   'C:\\abogadotech\\node_modules\\acorn',
189 silly reify   'C:\\abogadotech\\node_modules\\.bin\\acorn',
189 silly reify   'C:\\abogadotech\\node_modules\\.bin\\acorn.cmd',
189 silly reify   'C:\\abogadotech\\node_modules\\.bin\\acorn.ps1'
189 silly reify ]
190 silly reify mark retired [
190 silly reify   'C:\\abogadotech\\node_modules\\baseline-browser-mapping',
190 silly reify   'C:\\abogadotech\\node_modules\\.bin\\baseline-browser-mapping',
190 silly reify   'C:\\abogadotech\\node_modules\\.bin\\baseline-browser-mapping.cmd',
190 silly reify   'C:\\abogadotech\\node_modules\\.bin\\baseline-browser-mapping.ps1'
190 silly reify ]
191 silly reify mark retired [
191 silly reify   'C:\\abogadotech\\node_modules\\browserslist',
191 silly reify   'C:\\abogadotech\\node_modules\\.bin\\browserslist',
191 silly reify   'C:\\abogadotech\\node_modules\\.bin\\browserslist.cmd',
191 silly reify   'C:\\abogadotech\\node_modules\\.bin\\browserslist.ps1'
191 silly reify ]
192 silly reify mark retired [
192 silly reify   'C:\\abogadotech\\node_modules\\eslint',
192 silly reify   'C:\\abogadotech\\node_modules\\.bin\\eslint',
192 silly reify   'C:\\abogadotech\\node_modules\\.bin\\eslint.cmd',
192 silly reify   'C:\\abogadotech\\node_modules\\.bin\\eslint.ps1'
192 silly reify ]
193 silly reify mark retired [
193 silly reify   'C:\\abogadotech\\node_modules\\is-bun-module\\node_modules\\semver',
193 silly reify   'C:\\abogadotech\\node_modules\\is-bun-module\\node_modules\\.bin\\semver',
193 silly reify   'C:\\abogadotech\\node_modules\\is-bun-module\\node_modules\\.bin\\semver.cmd',
193 silly reify   'C:\\abogadotech\\node_modules\\is-bun-module\\node_modules\\.bin\\semver.ps1'
193 silly reify ]
194 silly reify mark retired [
194 silly reify   'C:\\abogadotech\\node_modules\\js-yaml',
194 silly reify   'C:\\abogadotech\\node_modules\\.bin\\js-yaml',
194 silly reify   'C:\\abogadotech\\node_modules\\.bin\\js-yaml.cmd',
194 silly reify   'C:\\abogadotech\\node_modules\\.bin\\js-yaml.ps1'
194 silly reify ]
195 silly reify mark retired [
195 silly reify   'C:\\abogadotech\\node_modules\\jsesc',
195 silly reify   'C:\\abogadotech\\node_modules\\.bin\\jsesc',
195 silly reify   'C:\\abogadotech\\node_modules\\.bin\\jsesc.cmd',
195 silly reify   'C:\\abogadotech\\node_modules\\.bin\\jsesc.ps1'
195 silly reify ]
196 silly reify mark retired [
196 silly reify   'C:\\abogadotech\\node_modules\\json5',
196 silly reify   'C:\\abogadotech\\node_modules\\.bin\\json5',
196 silly reify   'C:\\abogadotech\\node_modules\\.bin\\json5.cmd',
196 silly reify   'C:\\abogadotech\\node_modules\\.bin\\json5.ps1'
196 silly reify ]
197 silly reify mark retired [
197 silly reify   'C:\\abogadotech\\node_modules\\loose-envify',
197 silly reify   'C:\\abogadotech\\node_modules\\.bin\\loose-envify',
197 silly reify   'C:\\abogadotech\\node_modules\\.bin\\loose-envify.cmd',
197 silly reify   'C:\\abogadotech\\node_modules\\.bin\\loose-envify.ps1'
197 silly reify ]
198 silly reify mark retired [
198 silly reify   'C:\\abogadotech\\node_modules\\nanoid',
198 silly reify   'C:\\abogadotech\\node_modules\\.bin\\nanoid',
198 silly reify   'C:\\abogadotech\\node_modules\\.bin\\nanoid.cmd',
198 silly reify   'C:\\abogadotech\\node_modules\\.bin\\nanoid.ps1'
198 silly reify ]
199 silly reify mark retired [
199 silly reify   'C:\\abogadotech\\node_modules\\napi-postinstall',
199 silly reify   'C:\\abogadotech\\node_modules\\.bin\\napi-postinstall',
199 silly reify   'C:\\abogadotech\\node_modules\\.bin\\napi-postinstall.cmd',
199 silly reify   'C:\\abogadotech\\node_modules\\.bin\\napi-postinstall.ps1'
199 silly reify ]
200 silly reify mark retired [
200 silly reify   'C:\\abogadotech\\node_modules\\resolve',
200 silly reify   'C:\\abogadotech\\node_modules\\.bin\\resolve',
200 silly reify   'C:\\abogadotech\\node_modules\\.bin\\resolve.cmd',
200 silly reify   'C:\\abogadotech\\node_modules\\.bin\\resolve.ps1'
200 silly reify ]
201 silly reify mark retired [
201 silly reify   'C:\\abogadotech\\node_modules\\semver',
201 silly reify   'C:\\abogadotech\\node_modules\\.bin\\semver',
201 silly reify   'C:\\abogadotech\\node_modules\\.bin\\semver.cmd',
201 silly reify   'C:\\abogadotech\\node_modules\\.bin\\semver.ps1'
201 silly reify ]
202 silly reify mark retired [
202 silly reify   'C:\\abogadotech\\node_modules\\sharp\\node_modules\\semver',
202 silly reify   'C:\\abogadotech\\node_modules\\sharp\\node_modules\\.bin\\semver',
202 silly reify   'C:\\abogadotech\\node_modules\\sharp\\node_modules\\.bin\\semver.cmd',
202 silly reify   'C:\\abogadotech\\node_modules\\sharp\\node_modules\\.bin\\semver.ps1'
202 silly reify ]
203 silly reify mark retired [
203 silly reify   'C:\\abogadotech\\node_modules\\tsconfig-paths\\node_modules\\json5',
203 silly reify   'C:\\abogadotech\\node_modules\\tsconfig-paths\\node_modules\\.bin\\json5',
203 silly reify   'C:\\abogadotech\\node_modules\\tsconfig-paths\\node_modules\\.bin\\json5.cmd',
203 silly reify   'C:\\abogadotech\\node_modules\\tsconfig-paths\\node_modules\\.bin\\json5.ps1'
203 silly reify ]
204 silly reify mark retired [
204 silly reify   'C:\\abogadotech\\node_modules\\typescript',
204 silly reify   'C:\\abogadotech\\node_modules\\.bin\\tsc',
204 silly reify   'C:\\abogadotech\\node_modules\\.bin\\tsc.cmd',
204 silly reify   'C:\\abogadotech\\node_modules\\.bin\\tsc.ps1',
204 silly reify   'C:\\abogadotech\\node_modules\\.bin\\tsserver',
204 silly reify   'C:\\abogadotech\\node_modules\\.bin\\tsserver.cmd',
204 silly reify   'C:\\abogadotech\\node_modules\\.bin\\tsserver.ps1'
204 silly reify ]
205 silly reify mark retired [
205 silly reify   'C:\\abogadotech\\node_modules\\update-browserslist-db',
205 silly reify   'C:\\abogadotech\\node_modules\\.bin\\update-browserslist-db',
205 silly reify   'C:\\abogadotech\\node_modules\\.bin\\update-browserslist-db.cmd',
205 silly reify   'C:\\abogadotech\\node_modules\\.bin\\update-browserslist-db.ps1'
205 silly reify ]
206 silly reify mark retired [
206 silly reify   'C:\\abogadotech\\node_modules\\which',
206 silly reify   'C:\\abogadotech\\node_modules\\.bin\\node-which',
206 silly reify   'C:\\abogadotech\\node_modules\\.bin\\node-which.cmd',
206 silly reify   'C:\\abogadotech\\node_modules\\.bin\\node-which.ps1'
206 silly reify ]
207 silly reify mark retired [
207 silly reify   'C:\\abogadotech\\node_modules\\@babel\\parser',
207 silly reify   'C:\\abogadotech\\node_modules\\.bin\\parser',
207 silly reify   'C:\\abogadotech\\node_modules\\.bin\\parser.cmd',
207 silly reify   'C:\\abogadotech\\node_modules\\.bin\\parser.ps1'
207 silly reify ]
208 silly reify mark retired [ 'C:\\abogadotech\\node_modules\\@emnapi\\runtime' ]
209 silly reify mark retired [
209 silly reify   'C:\\abogadotech\\node_modules\\@typescript-eslint\\typescript-estree\\node_modules\\semver',
209 silly reify   'C:\\abogadotech\\node_modules\\@typescript-eslint\\typescript-estree\\node_modules\\.bin\\semver',
209 silly reify   'C:\\abogadotech\\node_modules\\@typescript-eslint\\typescript-estree\\node_modules\\.bin\\semver.cmd',
209 silly reify   'C:\\abogadotech\\node_modules\\@typescript-eslint\\typescript-estree\\node_modules\\.bin\\semver.ps1'
209 silly reify ]
210 silly reify moves {
210 silly reify   'C:\\abogadotech\\node_modules\\next': 'C:\\abogadotech\\node_modules\\.next-V2E6mBhq',
210 silly reify   'C:\\abogadotech\\node_modules\\acorn': 'C:\\abogadotech\\node_modules\\.acorn-r46O343e',
210 silly reify   'C:\\abogadotech\\node_modules\\.bin\\acorn': 'C:\\abogadotech\\node_modules\\.bin\\.acorn-vieHBcLs',
210 silly reify   'C:\\abogadotech\\node_modules\\.bin\\acorn.cmd': 'C:\\abogadotech\\node_modules\\.bin\\.acorn.cmd-ef4kKo56',
210 silly reify   'C:\\abogadotech\\node_modules\\.bin\\acorn.ps1': 'C:\\abogadotech\\node_modules\\.bin\\.acorn.ps1-HPEv1P0R',
210 silly reify   'C:\\abogadotech\\node_modules\\baseline-browser-mapping': 'C:\\abogadotech\\node_modules\\.baseline-browser-mapping-GqA4hcWn',
210 silly reify   'C:\\abogadotech\\node_modules\\.bin\\baseline-browser-mapping': 'C:\\abogadotech\\node_modules\\.bin\\.baseline-browser-mapping-5SDb98XS',
210 silly reify   'C:\\abogadotech\\node_modules\\.bin\\baseline-browser-mapping.cmd': 'C:\\abogadotech\\node_modules\\.bin\\.baseline-browser-mapping.cmd-N2UUt9lF',
210 silly reify   'C:\\abogadotech\\node_modules\\.bin\\baseline-browser-mapping.ps1': 'C:\\abogadotech\\node_modules\\.bin\\.baseline-browser-mapping.ps1-05IJNvX8',
210 silly reify   'C:\\abogadotech\\node_modules\\browserslist': 'C:\\abogadotech\\node_modules\\.browserslist-XORlC3it',
210 silly reify   'C:\\abogadotech\\node_modules\\.bin\\browserslist': 'C:\\abogadotech\\node_modules\\.bin\\.browserslist-21RJoXCd',
210 silly reify   'C:\\abogadotech\\node_modules\\.bin\\browserslist.cmd': 'C:\\abogadotech\\node_modules\\.bin\\.browserslist.cmd-xsBPRwBo',
210 silly reify   'C:\\abogadotech\\node_modules\\.bin\\browserslist.ps1': 'C:\\abogadotech\\node_modules\\.bin\\.browserslist.ps1-rjpojnxO',
210 silly reify   'C:\\abogadotech\\node_modules\\eslint': 'C:\\abogadotech\\node_modules\\.eslint-FITfM3E2',
210 silly reify   'C:\\abogadotech\\node_modules\\.bin\\eslint': 'C:\\abogadotech\\node_modules\\.bin\\.eslint-pD3ZN0cw',
210 silly reify   'C:\\abogadotech\\node_modules\\.bin\\eslint.cmd': 'C:\\abogadotech\\node_modules\\.bin\\.eslint.cmd-V8NfL7EW',
210 silly reify   'C:\\abogadotech\\node_modules\\.bin\\eslint.ps1': 'C:\\abogadotech\\node_modules\\.bin\\.eslint.ps1-X6EcTIrz',
210 silly reify   'C:\\abogadotech\\node_modules\\is-bun-module\\node_modules\\semver': 'C:\\abogadotech\\node_modules\\is-bun-module\\node_modules\\.semver-i1z0S2oU',
210 silly reify   'C:\\abogadotech\\node_modules\\is-bun-module\\node_modules\\.bin\\semver': 'C:\\abogadotech\\node_modules\\is-bun-module\\node_modules\\.bin\\.semver-4lZrReKh',
210 silly reify   'C:\\abogadotech\\node_modules\\is-bun-module\\node_modules\\.bin\\semver.cmd': 'C:\\abogadotech\\node_modules\\is-bun-module\\node_modules\\.bin\\.semver.cmd-dVJZfUlg',
210 silly reify   'C:\\abogadotech\\node_modules\\is-bun-module\\node_modules\\.bin\\semver.ps1': 'C:\\abogadotech\\node_modules\\is-bun-module\\node_modules\\.bin\\.semver.ps1-gOwy7vRj',
210 silly reify   'C:\\abogadotech\\node_modules\\js-yaml': 'C:\\abogadotech\\node_modules\\.js-yaml-EYC43Qwk',
210 silly reify   'C:\\abogadotech\\node_modules\\.bin\\js-yaml': 'C:\\abogadotech\\node_modules\\.bin\\.js-yaml-oDEZ7EfM',
210 silly reify   'C:\\abogadotech\\node_modules\\.bin\\js-yaml.cmd': 'C:\\abogadotech\\node_modules\\.bin\\.js-yaml.cmd-sdZxfXAZ',
210 silly reify   'C:\\abogadotech\\node_modules\\.bin\\js-yaml.ps1': 'C:\\abogadotech\\node_modules\\.bin\\.js-yaml.ps1-UCpfNYtC',
210 silly reify   'C:\\abogadotech\\node_modules\\jsesc': 'C:\\abogadotech\\node_modules\\.jsesc-xMjISlda',
210 silly reify   'C:\\abogadotech\\node_modules\\.bin\\jsesc': 'C:\\abogadotech\\node_modules\\.bin\\.jsesc-68UP1fpK',
210 silly reify   'C:\\abogadotech\\node_modules\\.bin\\jsesc.cmd': 'C:\\abogadotech\\node_modules\\.bin\\.jsesc.cmd-NOw2D9CQ',
210 silly reify   'C:\\abogadotech\\node_modules\\.bin\\jsesc.ps1': 'C:\\abogadotech\\node_modules\\.bin\\.jsesc.ps1-SKuImlqN',
210 silly reify   'C:\\abogadotech\\node_modules\\json5': 'C:\\abogadotech\\node_modules\\.json5-qceCyH6O',
210 silly reify   'C:\\abogadotech\\node_modules\\.bin\\json5': 'C:\\abogadotech\\node_modules\\.bin\\.json5-vNtEkvwX',
210 silly reify   'C:\\abogadotech\\node_modules\\.bin\\json5.cmd': 'C:\\abogadotech\\node_modules\\.bin\\.json5.cmd-F8BJ732X',
210 silly reify   'C:\\abogadotech\\node_modules\\.bin\\json5.ps1': 'C:\\abogadotech\\node_modules\\.bin\\.json5.ps1-86vZKjr7',
210 silly reify   'C:\\abogadotech\\node_modules\\loose-envify': 'C:\\abogadotech\\node_modules\\.loose-envify-Dv3oadOs',
210 silly reify   'C:\\abogadotech\\node_modules\\.bin\\loose-envify': 'C:\\abogadotech\\node_modules\\.bin\\.loose-envify-mgTHcdhy',
210 silly reify   'C:\\abogadotech\\node_modules\\.bin\\loose-envify.cmd': 'C:\\abogadotech\\node_modules\\.bin\\.loose-envify.cmd-Rk4Uex11',
210 silly reify   'C:\\abogadotech\\node_modules\\.bin\\loose-envify.ps1': 'C:\\abogadotech\\node_modules\\.bin\\.loose-envify.ps1-jgegeSyi',
210 silly reify   'C:\\abogadotech\\node_modules\\nanoid': 'C:\\abogadotech\\node_modules\\.nanoid-gYTraEfC',
210 silly reify   'C:\\abogadotech\\node_modules\\.bin\\nanoid': 'C:\\abogadotech\\node_modules\\.bin\\.nanoid-vuqd4KXx',
210 silly reify   'C:\\abogadotech\\node_modules\\.bin\\nanoid.cmd': 'C:\\abogadotech\\node_modules\\.bin\\.nanoid.cmd-lgkzpTLv',
210 silly reify   'C:\\abogadotech\\node_modules\\.bin\\nanoid.ps1': 'C:\\abogadotech\\node_modules\\.bin\\.nanoid.ps1-4qNt0yYn',
210 silly reify   'C:\\abogadotech\\node_modules\\napi-postinstall': 'C:\\abogadotech\\node_modules\\.napi-postinstall-LaiZtW7C',
210 silly reify   'C:\\abogadotech\\node_modules\\.bin\\napi-postinstall': 'C:\\abogadotech\\node_modules\\.bin\\.napi-postinstall-vfh9TTyN',
210 silly reify   'C:\\abogadotech\\node_modules\\.bin\\napi-postinstall.cmd': 'C:\\abogadotech\\node_modules\\.bin\\.napi-postinstall.cmd-HplcNYCC',
210 silly reify   'C:\\abogadotech\\node_modules\\.bin\\napi-postinstall.ps1': 'C:\\abogadotech\\node_modules\\.bin\\.napi-postinstall.ps1-krJFCkZF',
210 silly reify   'C:\\abogadotech\\node_modules\\resolve': 'C:\\abogadotech\\node_modules\\.resolve-MLcCkCBy',
210 silly reify   'C:\\abogadotech\\node_modules\\.bin\\resolve': 'C:\\abogadotech\\node_modules\\.bin\\.resolve-4bnTw7Uz',
210 silly reify   'C:\\abogadotech\\node_modules\\.bin\\resolve.cmd': 'C:\\abogadotech\\node_modules\\.bin\\.resolve.cmd-YvWyxKXu',
210 silly reify   'C:\\abogadotech\\node_modules\\.bin\\resolve.ps1': 'C:\\abogadotech\\node_modules\\.bin\\.resolve.ps1-XbnohXx7',
210 silly reify   'C:\\abogadotech\\node_modules\\semver': 'C:\\abogadotech\\node_modules\\.semver-MoOnXDA3',
210 silly reify   'C:\\abogadotech\\node_modules\\.bin\\semver': 'C:\\abogadotech\\node_modules\\.bin\\.semver-mrC1mQ3K',
210 silly reify   'C:\\abogadotech\\node_modules\\.bin\\semver.cmd': 'C:\\abogadotech\\node_modules\\.bin\\.semver.cmd-qBcwfcX1',
210 silly reify   'C:\\abogadotech\\node_modules\\.bin\\semver.ps1': 'C:\\abogadotech\\node_modules\\.bin\\.semver.ps1-remAyn6l',
210 silly reify   'C:\\abogadotech\\node_modules\\sharp\\node_modules\\semver': 'C:\\abogadotech\\node_modules\\sharp\\node_modules\\.semver-FCBBl8Om',
210 silly reify   'C:\\abogadotech\\node_modules\\sharp\\node_modules\\.bin\\semver': 'C:\\abogadotech\\node_modules\\sharp\\node_modules\\.bin\\.semver-hkCUx76U',
210 silly reify   'C:\\abogadotech\\node_modules\\sharp\\node_modules\\.bin\\semver.cmd': 'C:\\abogadotech\\node_modules\\sharp\\node_modules\\.bin\\.semver.cmd-KfWwXY2a',
210 silly reify   'C:\\abogadotech\\node_modules\\sharp\\node_modules\\.bin\\semver.ps1': 'C:\\abogadotech\\node_modules\\sharp\\node_modules\\.bin\\.semver.ps1-MhxMx3sL',
210 silly reify   'C:\\abogadotech\\node_modules\\tsconfig-paths\\node_modules\\json5': 'C:\\abogadotech\\node_modules\\tsconfig-paths\\node_modules\\.json5-5xCjWrRn',
210 silly reify   'C:\\abogadotech\\node_modules\\tsconfig-paths\\node_modules\\.bin\\json5': 'C:\\abogadotech\\node_modules\\tsconfig-paths\\node_modules\\.bin\\.json5-oSnyrqG7',
210 silly reify   'C:\\abogadotech\\node_modules\\tsconfig-paths\\node_modules\\.bin\\json5.cmd': 'C:\\abogadotech\\node_modules\\tsconfig-paths\\node_modules\\.bin\\.json5.cmd-OHqh5PY9',
210 silly reify   'C:\\abogadotech\\node_modules\\tsconfig-paths\\node_modules\\.bin\\json5.ps1': 'C:\\abogadotech\\node_modules\\tsconfig-paths\\node_modules\\.bin\\.json5.ps1-a1KJ15Jq',
210 silly reify   'C:\\abogadotech\\node_modules\\typescript': 'C:\\abogadotech\\node_modules\\.typescript-cOOQFvAJ',
210 silly reify   'C:\\abogadotech\\node_modules\\.bin\\tsc': 'C:\\abogadotech\\node_modules\\.bin\\.tsc-9WZaDutF',
210 silly reify   'C:\\abogadotech\\node_modules\\.bin\\tsc.cmd': 'C:\\abogadotech\\node_modules\\.bin\\.tsc.cmd-i0sxb8il',
210 silly reify   'C:\\abogadotech\\node_modules\\.bin\\tsc.ps1': 'C:\\abogadotech\\node_modules\\.bin\\.tsc.ps1-iGdOiZ3a',
210 silly reify   'C:\\abogadotech\\node_modules\\.bin\\tsserver': 'C:\\abogadotech\\node_modules\\.bin\\.tsserver-CiUDR6ae',
210 silly reify   'C:\\abogadotech\\node_modules\\.bin\\tsserver.cmd': 'C:\\abogadotech\\node_modules\\.bin\\.tsserver.cmd-s9i2iStz',
210 silly reify   'C:\\abogadotech\\node_modules\\.bin\\tsserver.ps1': 'C:\\abogadotech\\node_modules\\.bin\\.tsserver.ps1-ZZ8ivJcR',
210 silly reify   'C:\\abogadotech\\node_modules\\update-browserslist-db': 'C:\\abogadotech\\node_modules\\.update-browserslist-db-GNfSmW9B',
210 silly reify   'C:\\abogadotech\\node_modules\\.bin\\update-browserslist-db': 'C:\\abogadotech\\node_modules\\.bin\\.update-browserslist-db-JLH95QoP',
210 silly reify   'C:\\abogadotech\\node_modules\\.bin\\update-browserslist-db.cmd': 'C:\\abogadotech\\node_modules\\.bin\\.update-browserslist-db.cmd-3bxqbGtp',
210 silly reify   'C:\\abogadotech\\node_modules\\.bin\\update-browserslist-db.ps1': 'C:\\abogadotech\\node_modules\\.bin\\.update-browserslist-db.ps1-PLUn2LsR',
210 silly reify   'C:\\abogadotech\\node_modules\\which': 'C:\\abogadotech\\node_modules\\.which-uTpwan8L',
210 silly reify   'C:\\abogadotech\\node_modules\\.bin\\node-which': 'C:\\abogadotech\\node_modules\\.bin\\.node-which-9LltDDCX',
210 silly reify   'C:\\abogadotech\\node_modules\\.bin\\node-which.cmd': 'C:\\abogadotech\\node_modules\\.bin\\.node-which.cmd-E6vLgFgX',
210 silly reify   'C:\\abogadotech\\node_modules\\.bin\\node-which.ps1': 'C:\\abogadotech\\node_modules\\.bin\\.node-which.ps1-Mq6pKPLX',
210 silly reify   'C:\\abogadotech\\node_modules\\@babel\\parser': 'C:\\abogadotech\\node_modules\\@babel\\.parser-g4mYdxeS',
210 silly reify   'C:\\abogadotech\\node_modules\\.bin\\parser': 'C:\\abogadotech\\node_modules\\.bin\\.parser-3CWPFuBb',
210 silly reify   'C:\\abogadotech\\node_modules\\.bin\\parser.cmd': 'C:\\abogadotech\\node_modules\\.bin\\.parser.cmd-yTSXZ2Gd',
210 silly reify   'C:\\abogadotech\\node_modules\\.bin\\parser.ps1': 'C:\\abogadotech\\node_modules\\.bin\\.parser.ps1-GwFKwGG6',
210 silly reify   'C:\\abogadotech\\node_modules\\@emnapi\\runtime': 'C:\\abogadotech\\node_modules\\@emnapi\\.runtime-fyqDCdab',
210 silly reify   'C:\\abogadotech\\node_modules\\@typescript-eslint\\typescript-estree\\node_modules\\semver': 'C:\\abogadotech\\node_modules\\@typescript-eslint\\typescript-estree\\node_modules\\.semver-mLlBH4N3',
210 silly reify   'C:\\abogadotech\\node_modules\\@typescript-eslint\\typescript-estree\\node_modules\\.bin\\semver': 'C:\\abogadotech\\node_modules\\@typescript-eslint\\typescript-estree\\node_modules\\.bin\\.semver-BfX7XJhh',
210 silly reify   'C:\\abogadotech\\node_modules\\@typescript-eslint\\typescript-estree\\node_modules\\.bin\\semver.cmd': 'C:\\abogadotech\\node_modules\\@typescript-eslint\\typescript-estree\\node_modules\\.bin\\.semver.cmd-2JJyY5QI',
210 silly reify   'C:\\abogadotech\\node_modules\\@typescript-eslint\\typescript-estree\\node_modules\\.bin\\semver.ps1': 'C:\\abogadotech\\node_modules\\@typescript-eslint\\typescript-estree\\node_modules\\.bin\\.semver.ps1-o0dHAIZM'
210 silly reify }
211 silly audit bulk request {
211 silly audit   'acorn-jsx': [ '5.3.2' ],
211 silly audit   ajv: [ '6.15.0' ],
211 silly audit   acorn: [ '8.16.0' ],
211 silly audit   argparse: [ '2.0.1' ],
211 silly audit   'aria-query': [ '5.3.2' ],
211 silly audit   'ansi-styles': [ '4.3.0' ],
211 silly audit   'array-buffer-byte-length': [ '1.0.2' ],
211 silly audit   'array-includes': [ '3.1.9' ],
211 silly audit   'array.prototype.findlast': [ '1.2.5' ],
211 silly audit   'array.prototype.findlastindex': [ '1.2.6' ],
211 silly audit   'array.prototype.flat': [ '1.3.3' ],
211 silly audit   'array.prototype.flatmap': [ '1.3.3' ],
211 silly audit   'array.prototype.tosorted': [ '1.1.4' ],
211 silly audit   'arraybuffer.prototype.slice': [ '1.0.4' ],
211 silly audit   'ast-types-flow': [ '0.0.8' ],
211 silly audit   'async-function': [ '1.0.0' ],
211 silly audit   'available-typed-arrays': [ '1.0.7' ],
211 silly audit   'axe-core': [ '4.11.4' ],
211 silly audit   'axobject-query': [ '4.1.0' ],
211 silly audit   'balanced-match': [ '1.0.2', '4.0.4' ],
211 silly audit   'baseline-browser-mapping': [ '2.10.24' ],
211 silly audit   'brace-expansion': [ '1.1.14', '5.0.5' ],
211 silly audit   braces: [ '3.0.3' ],
211 silly audit   browserslist: [ '4.28.2' ],
211 silly audit   'call-bind': [ '1.0.9' ],
211 silly audit   'call-bind-apply-helpers': [ '1.0.2' ],
211 silly audit   'call-bound': [ '1.0.4' ],
211 silly audit   callsites: [ '3.1.0' ],
211 silly audit   'caniuse-lite': [ '1.0.30001791' ],
211 silly audit   chalk: [ '4.1.2' ],
211 silly audit   'client-only': [ '0.0.1' ],
211 silly audit   'color-convert': [ '2.0.1' ],
211 silly audit   'color-name': [ '1.1.4' ],
211 silly audit   'concat-map': [ '0.0.1' ],
211 silly audit   'convert-source-map': [ '2.0.0' ],
211 silly audit   cookie: [ '1.1.1' ],
211 silly audit   'cross-spawn': [ '7.0.6' ],
211 silly audit   csstype: [ '3.2.3' ],
211 silly audit   'damerau-levenshtein': [ '1.0.8' ],
211 silly audit   'data-view-buffer': [ '1.0.2' ],
211 silly audit   'data-view-byte-length': [ '1.0.2' ],
211 silly audit   'data-view-byte-offset': [ '1.0.1' ],
211 silly audit   debug: [ '4.4.3', '3.2.7' ],
211 silly audit   'deep-is': [ '0.1.4' ],
211 silly audit   'define-data-property': [ '1.1.4' ],
211 silly audit   'define-properties': [ '1.2.1' ],
211 silly audit   'detect-libc': [ '2.1.2' ],
211 silly audit   doctrine: [ '2.1.0' ],
211 silly audit   'dunder-proto': [ '1.0.1' ],
211 silly audit   'electron-to-chromium': [ '1.5.346' ],
211 silly audit   'emoji-regex': [ '9.2.2' ],
211 silly audit   'es-abstract': [ '1.24.2' ],
211 silly audit   'es-define-property': [ '1.0.1' ],
211 silly audit   'es-errors': [ '1.3.0' ],
211 silly audit   'es-iterator-helpers': [ '1.3.2' ],
211 silly audit   'es-object-atoms': [ '1.1.1' ],
211 silly audit   'es-set-tostringtag': [ '2.1.0' ],
211 silly audit   'es-shim-unscopables': [ '1.1.0' ],
211 silly audit   'es-to-primitive': [ '1.3.0' ],
211 silly audit   escalade: [ '3.2.0' ],
211 silly audit   'escape-string-regexp': [ '4.0.0' ],
211 silly audit   eslint: [ '9.39.1' ],
211 silly audit   'eslint-config-next': [ '16.2.4' ],
211 silly audit   globals: [ '16.4.0', '14.0.0' ],
211 silly audit   'eslint-import-resolver-node': [ '0.3.10' ],
211 silly audit   'eslint-module-utils': [ '2.12.1' ],
211 silly audit   'eslint-import-resolver-typescript': [ '3.10.1' ],
211 silly audit   'eslint-plugin-import': [ '2.32.0' ],
211 silly audit   'eslint-plugin-jsx-a11y': [ '6.10.2' ],
211 silly audit   'eslint-plugin-react': [ '7.37.5' ],
211 silly audit   'eslint-plugin-react-hooks': [ '7.1.1' ],
211 silly audit   'eslint-scope': [ '8.4.0' ],
211 silly audit   'eslint-visitor-keys': [ '4.2.1', '3.4.3', '5.0.1' ],
211 silly audit   espree: [ '10.4.0' ],
211 silly audit   esquery: [ '1.7.0' ],
211 silly audit   esrecurse: [ '4.3.0' ],
211 silly audit   estraverse: [ '5.3.0' ],
211 silly audit   esutils: [ '2.0.3' ],
211 silly audit   'fast-deep-equal': [ '3.1.3' ],
211 silly audit   'fast-glob': [ '3.3.1' ],
211 silly audit   'glob-parent': [ '5.1.2', '6.0.2' ],
211 silly audit   'fast-json-stable-stringify': [ '2.1.0' ],
211 silly audit   'fast-levenshtein': [ '2.0.6' ],
211 silly audit   fastq: [ '1.20.1' ],
211 silly audit   'file-entry-cache': [ '8.0.0' ],
211 silly audit   'find-up': [ '5.0.0' ],
211 silly audit   'fill-range': [ '7.1.1' ],
211 silly audit   'flat-cache': [ '4.0.1' ],
211 silly audit   flatted: [ '3.4.2' ],
211 silly audit   'for-each': [ '0.3.5' ],
211 silly audit   'function.prototype.name': [ '1.1.8' ],
211 silly audit   'functions-have-names': [ '1.2.3' ],
211 silly audit   'function-bind': [ '1.1.2' ],
211 silly audit   'generator-function': [ '2.0.1' ],
211 silly audit   gensync: [ '1.0.0-beta.2' ],
211 silly audit   'get-intrinsic': [ '1.3.0' ],
211 silly audit   'get-proto': [ '1.0.1' ],
211 silly audit   'get-symbol-description': [ '1.1.0' ],
211 silly audit   'get-tsconfig': [ '4.14.0' ],
211 silly audit   globalthis: [ '1.0.4' ],
211 silly audit   gopd: [ '1.2.0' ],
211 silly audit   'has-bigints': [ '1.1.0' ],
211 silly audit   'has-flag': [ '4.0.0' ],
211 silly audit   'has-property-descriptors': [ '1.0.2' ],
211 silly audit   'has-proto': [ '1.2.0' ],
211 silly audit   'has-symbols': [ '1.1.0' ],
211 silly audit   'has-tostringtag': [ '1.0.2' ],
211 silly audit   hasown: [ '2.0.3' ],
211 silly audit   'hermes-estree': [ '0.25.1' ],
211 silly audit   'hermes-parser': [ '0.25.1' ],
211 silly audit   'iceberg-js': [ '0.8.1' ],
211 silly audit   ignore: [ '5.3.2', '7.0.5' ],
211 silly audit   'import-fresh': [ '3.3.1' ],
211 silly audit   imurmurhash: [ '0.1.4' ],
211 silly audit   'internal-slot': [ '1.1.0' ],
211 silly audit   'is-array-buffer': [ '3.0.5' ],
211 silly audit   'is-async-function': [ '2.1.1' ],
211 silly audit   'is-bigint': [ '1.1.0' ],
211 silly audit   'is-boolean-object': [ '1.2.2' ],
211 silly audit   'is-bun-module': [ '2.0.0' ],
211 silly audit   semver: [ '7.7.4', '6.3.1' ],
211 silly audit   'is-callable': [ '1.2.7' ],
211 silly audit   'is-core-module': [ '2.16.1' ],
211 silly audit   'is-data-view': [ '1.0.2' ],
211 silly audit   'is-date-object': [ '1.1.0' ],
211 silly audit   'is-extglob': [ '2.1.1' ],
211 silly audit   'is-finalizationregistry': [ '1.1.1' ],
211 silly audit   'is-generator-function': [ '1.1.2' ],
211 silly audit   'is-glob': [ '4.0.3' ],
211 silly audit   'is-map': [ '2.0.3' ],
211 silly audit   'is-negative-zero': [ '2.0.3' ],
211 silly audit   'is-number': [ '7.0.0' ],
211 silly audit   'is-number-object': [ '1.1.1' ],
211 silly audit   'is-regex': [ '1.2.1' ],
211 silly audit   'is-set': [ '2.0.3' ],
211 silly audit   'is-string': [ '1.1.1' ],
211 silly audit   'is-symbol': [ '1.1.1' ],
211 silly audit   'is-typed-array': [ '1.1.15' ],
211 silly audit   'is-weakmap': [ '2.0.2' ],
211 silly audit   'is-weakref': [ '1.1.1' ],
211 silly audit   'is-shared-array-buffer': [ '1.0.4' ],
211 silly audit   'is-weakset': [ '2.0.4' ],
211 silly audit   isarray: [ '2.0.5' ],
211 silly audit   isexe: [ '2.0.0' ],
211 silly audit   'iterator.prototype': [ '1.1.5' ],
211 silly audit   'js-tokens': [ '4.0.0' ],
211 silly audit   'js-yaml': [ '4.1.1' ],
211 silly audit   jsesc: [ '3.1.0' ],
211 silly audit   'json-buffer': [ '3.0.1' ],
211 silly audit   'json-schema-traverse': [ '0.4.1' ],
211 silly audit   'json-stable-stringify-without-jsonify': [ '1.0.1' ],
211 silly audit   json5: [ '2.2.3', '1.0.2' ],
211 silly audit   'jsx-ast-utils': [ '3.3.5' ],
211 silly audit   keyv: [ '4.5.4' ],
211 silly audit   'language-subtag-registry': [ '0.3.23' ],
211 silly audit   'language-tags': [ '1.0.9' ],
211 silly audit   levn: [ '0.4.1' ],
211 silly audit   'locate-path': [ '6.0.0' ],
211 silly audit   'lodash.merge': [ '4.6.2' ],
211 silly audit   'loose-envify': [ '1.4.0' ],
211 silly audit   'lru-cache': [ '5.1.1' ],
211 silly audit   'math-intrinsics': [ '1.1.0' ],
211 silly audit   merge2: [ '1.4.1' ],
211 silly audit   micromatch: [ '4.0.8' ],
211 silly audit   minimatch: [ '3.1.5', '10.2.5' ],
211 silly audit   minimist: [ '1.2.8' ],
211 silly audit   ms: [ '2.1.3' ],
211 silly audit   nanoid: [ '3.3.12' ],
211 silly audit   'napi-postinstall': [ '0.3.4' ],
211 silly audit   'natural-compare': [ '1.4.0' ],
211 silly audit   'node-exports-info': [ '1.6.0' ],
211 silly audit   'node-releases': [ '2.0.38' ],
211 silly audit   'object-assign': [ '4.1.1' ],
211 silly audit   'object-keys': [ '1.1.1' ],
211 silly audit   'object.assign': [ '4.1.7' ],
211 silly audit   'object-inspect': [ '1.13.4' ],
211 silly audit   'object.entries': [ '1.1.9' ],
211 silly audit   'object.fromentries': [ '2.0.8' ],
211 silly audit   'object.groupby': [ '1.0.3' ],
211 silly audit   'object.values': [ '1.2.1' ],
211 silly audit   optionator: [ '0.9.4' ],
211 silly audit   'own-keys': [ '1.0.1' ],
211 silly audit   'p-limit': [ '3.1.0' ],
211 silly audit   'p-locate': [ '5.0.0' ],
211 silly audit   'parent-module': [ '1.0.1' ],
211 silly audit   'path-exists': [ '4.0.0' ],
211 silly audit   'path-parse': [ '1.0.7' ],
211 silly audit   'path-key': [ '3.1.1' ],
211 silly audit   picocolors: [ '1.1.1' ],
211 silly audit   picomatch: [ '2.3.2', '4.0.4' ],
211 silly audit   'possible-typed-array-names': [ '1.1.0' ],
211 silly audit   postcss: [ '8.4.31' ],
211 silly audit   'prelude-ls': [ '1.2.1' ],
211 silly audit   'prop-types': [ '15.8.1' ],
211 silly audit   punycode: [ '2.3.1' ],
211 silly audit   'queue-microtask': [ '1.2.3' ],
211 silly audit   react: [ '19.2.5' ],
211 silly audit   'react-dom': [ '19.2.5' ],
211 silly audit   'react-is': [ '16.13.1' ],
211 silly audit   'reflect.getprototypeof': [ '1.0.10' ],
211 silly audit   'regexp.prototype.flags': [ '1.5.4' ],
211 silly audit   resolve: [ '2.0.0-next.6' ],
211 silly audit   'resolve-from': [ '4.0.0' ],
211 silly audit   'resolve-pkg-maps': [ '1.0.0' ],
211 silly audit   reusify: [ '1.1.0' ],
211 silly audit   'run-parallel': [ '1.2.0' ],
211 silly audit   'safe-array-concat': [ '1.1.4' ],
211 silly audit   'safe-push-apply': [ '1.0.0' ],
211 silly audit   'safe-regex-test': [ '1.1.0' ],
211 silly audit   scheduler: [ '0.27.0' ],
211 silly audit   'set-function-length': [ '1.2.2' ],
211 silly audit   'set-function-name': [ '2.0.2' ],
211 silly audit   'set-proto': [ '1.0.0' ],
211 silly audit   sharp: [ '0.34.5' ],
211 silly audit   'shebang-command': [ '2.0.0' ],
211 silly audit   'side-channel': [ '1.1.0' ],
211 silly audit   'shebang-regex': [ '3.0.0' ],
211 silly audit   'side-channel-list': [ '1.0.1' ],
211 silly audit   'side-channel-map': [ '1.0.1' ],
211 silly audit   'side-channel-weakmap': [ '1.0.2' ],
211 silly audit   'source-map-js': [ '1.2.1' ],
211 silly audit   'stable-hash': [ '0.0.5' ],
211 silly audit   'stop-iteration-iterator': [ '1.1.0' ],
211 silly audit   'string.prototype.includes': [ '2.0.1' ],
211 silly audit   'string.prototype.matchall': [ '4.0.12' ],
211 silly audit   'string.prototype.repeat': [ '1.0.0' ],
211 silly audit   'string.prototype.trim': [ '1.2.10' ],
211 silly audit   'string.prototype.trimend': [ '1.0.9' ],
211 silly audit   'string.prototype.trimstart': [ '1.0.8' ],
211 silly audit   'strip-bom': [ '3.0.0' ],
211 silly audit   'strip-json-comments': [ '3.1.1' ],
211 silly audit   'styled-jsx': [ '5.1.6' ],
211 silly audit   'supports-color': [ '7.2.0' ],
211 silly audit   'supports-preserve-symlinks-flag': [ '1.0.0' ],
211 silly audit   tinyglobby: [ '0.2.16' ],
211 silly audit   fdir: [ '6.5.0' ],
211 silly audit   'to-regex-range': [ '5.0.1' ],
211 silly audit   'ts-api-utils': [ '2.5.0' ],
211 silly audit   'tsconfig-paths': [ '3.15.0' ],
211 silly audit   tslib: [ '2.8.1' ],
211 silly audit   'type-check': [ '0.4.0' ],
211 silly audit   'typed-array-buffer': [ '1.0.3' ],
211 silly audit   'typed-array-byte-length': [ '1.0.3' ],
211 silly audit   'typed-array-byte-offset': [ '1.0.4' ],
211 silly audit   'typed-array-length': [ '1.0.7' ],
211 silly audit   typescript: [ '6.0.3' ],
211 silly audit   'typescript-eslint': [ '8.59.1' ],
211 silly audit   'unbox-primitive': [ '1.1.0' ],
211 silly audit   'undici-types': [ '7.16.0' ],
211 silly audit   'unrs-resolver': [ '1.11.1' ],
211 silly audit   'uri-js': [ '4.4.1' ],
211 silly audit   which: [ '2.0.2' ],
211 silly audit   'update-browserslist-db': [ '1.2.3' ],
211 silly audit   'which-boxed-primitive': [ '1.1.1' ],
211 silly audit   'which-builtin-type': [ '1.2.1' ],
211 silly audit   'which-collection': [ '1.0.2' ],
211 silly audit   'which-typed-array': [ '1.1.20' ],
211 silly audit   'word-wrap': [ '1.2.5' ],
211 silly audit   ws: [ '8.20.0' ],
211 silly audit   yallist: [ '3.1.1' ],
211 silly audit   'yocto-queue': [ '0.1.0' ],
211 silly audit   zod: [ '4.4.1' ],
211 silly audit   'zod-validation-error': [ '4.0.2' ],
211 silly audit   '@babel/code-frame': [ '7.29.0' ],
211 silly audit   '@babel/compat-data': [ '7.29.3' ],
211 silly audit   '@babel/core': [ '7.29.0' ],
211 silly audit   '@babel/generator': [ '7.29.1' ],
211 silly audit   '@babel/helper-compilation-targets': [ '7.28.6' ],
211 silly audit   '@babel/helper-globals': [ '7.28.0' ],
211 silly audit   '@babel/helper-module-imports': [ '7.28.6' ],
211 silly audit   '@babel/helper-module-transforms': [ '7.28.6' ],
211 silly audit   '@babel/helper-string-parser': [ '7.27.1' ],
211 silly audit   '@babel/helper-validator-identifier': [ '7.28.5' ],
211 silly audit   '@babel/helper-validator-option': [ '7.27.1' ],
211 silly audit   '@babel/helpers': [ '7.29.2' ],
211 silly audit   '@babel/parser': [ '7.29.3' ],
211 silly audit   '@babel/template': [ '7.28.6' ],
211 silly audit   '@babel/traverse': [ '7.29.0' ],
211 silly audit   '@babel/types': [ '7.29.0' ],
211 silly audit   '@emnapi/runtime': [ '1.10.0' ],
211 silly audit   '@eslint/config-array': [ '0.21.2' ],
211 silly audit   '@eslint/config-helpers': [ '0.4.2' ],
211 silly audit   '@eslint/core': [ '0.17.0' ],
211 silly audit   '@eslint/eslintrc': [ '3.3.5' ],
211 silly audit   '@eslint/js': [ '9.39.1' ],
211 silly audit   '@eslint/object-schema': [ '2.1.7' ],
211 silly audit   '@eslint/plugin-kit': [ '0.4.1' ],
211 silly audit   '@eslint-community/eslint-utils': [ '4.9.1' ],
211 silly audit   '@eslint-community/regexpp': [ '4.12.2' ],
211 silly audit   '@humanfs/core': [ '0.19.2' ],
211 silly audit   '@humanfs/node': [ '0.16.8' ],
211 silly audit   '@humanfs/types': [ '0.15.0' ],
211 silly audit   '@humanwhocodes/module-importer': [ '1.0.1' ],
211 silly audit   '@humanwhocodes/retry': [ '0.4.3' ],
211 silly audit   '@img/colour': [ '1.1.0' ],
211 silly audit   '@img/sharp-win32-x64': [ '0.34.5' ],
211 silly audit   '@jridgewell/gen-mapping': [ '0.3.13' ],
211 silly audit   '@jridgewell/remapping': [ '2.3.5' ],
211 silly audit   '@jridgewell/resolve-uri': [ '3.1.2' ],
211 silly audit   '@jridgewell/sourcemap-codec': [ '1.5.5' ],
211 silly audit   '@jridgewell/trace-mapping': [ '0.3.31' ],
211 silly audit   '@next/env': [ '16.2.4' ],
211 silly audit   '@next/eslint-plugin-next': [ '16.2.4' ],
211 silly audit   '@next/swc-win32-x64-msvc': [ '16.2.4' ],
211 silly audit   '@nodelib/fs.scandir': [ '2.1.5' ],
211 silly audit   '@nodelib/fs.stat': [ '2.0.5' ],
211 silly audit   '@nodelib/fs.walk': [ '1.2.8' ],
211 silly audit   '@nolyfill/is-core-module': [ '1.0.39' ],
211 silly audit   '@rtsao/scc': [ '1.1.0' ],
211 silly audit   '@supabase/auth-js': [ '2.105.1' ],
211 silly audit   '@supabase/functions-js': [ '2.105.1' ],
211 silly audit   '@supabase/phoenix': [ '0.4.1' ],
211 silly audit   '@supabase/postgrest-js': [ '2.105.1' ],
211 silly audit   '@supabase/realtime-js': [ '2.105.1' ],
211 silly audit   '@supabase/ssr': [ '0.10.2' ],
211 silly audit   '@supabase/storage-js': [ '2.105.1' ],
211 silly audit   '@supabase/supabase-js': [ '2.105.1' ],
211 silly audit   '@swc/helpers': [ '0.5.15' ],
211 silly audit   '@types/estree': [ '1.0.8' ],
211 silly audit   '@types/json-schema': [ '7.0.15' ],
211 silly audit   '@types/json5': [ '0.0.29' ],
211 silly audit   '@types/node': [ '24.10.1' ],
211 silly audit   '@types/react': [ '19.2.6' ],
211 silly audit   '@types/react-dom': [ '19.2.3' ],
211 silly audit   '@types/ws': [ '8.18.1' ],
211 silly audit   '@typescript-eslint/eslint-plugin': [ '8.59.1' ],
211 silly audit   '@typescript-eslint/parser': [ '8.59.1' ],
211 silly audit   '@typescript-eslint/project-service': [ '8.59.1' ],
211 silly audit   '@typescript-eslint/scope-manager': [ '8.59.1' ],
211 silly audit   '@typescript-eslint/tsconfig-utils': [ '8.59.1' ],
211 silly audit   '@typescript-eslint/type-utils': [ '8.59.1' ],
211 silly audit   '@typescript-eslint/typescript-estree': [ '8.59.1' ],
211 silly audit   '@typescript-eslint/types': [ '8.59.1' ],
211 silly audit   '@typescript-eslint/utils': [ '8.59.1' ],
211 silly audit   '@typescript-eslint/visitor-keys': [ '8.59.1' ],
211 silly audit   '@unrs/resolver-binding-win32-x64-msvc': [ '1.11.1' ],
211 silly audit   next: [ '16.2.4' ],
211 silly audit   '@next/swc-darwin-arm64': [ '16.2.4' ],
211 silly audit   '@next/swc-darwin-x64': [ '16.2.4' ],
211 silly audit   '@next/swc-linux-arm64-gnu': [ '16.2.4' ],
211 silly audit   '@next/swc-linux-arm64-musl': [ '16.2.4' ],
211 silly audit   '@next/swc-linux-x64-gnu': [ '16.2.4' ],
211 silly audit   '@next/swc-linux-x64-musl': [ '16.2.4' ],
211 silly audit   '@next/swc-win32-arm64-msvc': [ '16.2.4' ],
211 silly audit   '@unrs/resolver-binding-android-arm-eabi': [ '1.11.1' ],
211 silly audit   '@unrs/resolver-binding-android-arm64': [ '1.11.1' ],
211 silly audit   '@unrs/resolver-binding-darwin-arm64': [ '1.11.1' ],
211 silly audit   '@unrs/resolver-binding-darwin-x64': [ '1.11.1' ],
211 silly audit   '@unrs/resolver-binding-freebsd-x64': [ '1.11.1' ],
211 silly audit   '@unrs/resolver-binding-linux-arm-gnueabihf': [ '1.11.1' ],
211 silly audit   '@unrs/resolver-binding-linux-arm-musleabihf': [ '1.11.1' ],
211 silly audit   '@unrs/resolver-binding-linux-arm64-gnu': [ '1.11.1' ],
211 silly audit   '@unrs/resolver-binding-linux-arm64-musl': [ '1.11.1' ],
211 silly audit   '@unrs/resolver-binding-linux-ppc64-gnu': [ '1.11.1' ],
211 silly audit   '@unrs/resolver-binding-linux-riscv64-gnu': [ '1.11.1' ],
211 silly audit   '@unrs/resolver-binding-linux-riscv64-musl': [ '1.11.1' ],
211 silly audit   '@unrs/resolver-binding-linux-s390x-gnu': [ '1.11.1' ],
211 silly audit   '@unrs/resolver-binding-linux-x64-gnu': [ '1.11.1' ],
211 silly audit   '@unrs/resolver-binding-linux-x64-musl': [ '1.11.1' ],
211 silly audit   '@unrs/resolver-binding-wasm32-wasi': [ '1.11.1' ],
211 silly audit   '@unrs/resolver-binding-win32-arm64-msvc': [ '1.11.1' ],
211 silly audit   '@unrs/resolver-binding-win32-ia32-msvc': [ '1.11.1' ],
211 silly audit   '@napi-rs/wasm-runtime': [ '0.2.12' ],
211 silly audit   '@emnapi/core': [ '1.10.0' ],
211 silly audit   '@tybys/wasm-util': [ '0.10.1' ],
211 silly audit   '@emnapi/wasi-threads': [ '1.2.1' ]
211 silly audit }
212 silly packumentCache corgi:https://registry.npmjs.org/which cache-miss
213 silly packumentCache corgi:https://registry.npmjs.org/update-browserslist-db cache-miss
214 silly packumentCache corgi:https://registry.npmjs.org/@babel%2fparser cache-miss
215 silly packumentCache corgi:https://registry.npmjs.org/semver cache-miss
216 silly packumentCache corgi:https://registry.npmjs.org/typescript cache-miss
217 silly packumentCache corgi:https://registry.npmjs.org/resolve cache-miss
218 silly packumentCache corgi:https://registry.npmjs.org/nanoid cache-miss
219 silly packumentCache corgi:https://registry.npmjs.org/napi-postinstall cache-miss
220 silly packumentCache corgi:https://registry.npmjs.org/loose-envify cache-miss
221 silly packumentCache corgi:https://registry.npmjs.org/json5 cache-miss
222 silly packumentCache corgi:https://registry.npmjs.org/jsesc cache-miss
223 silly packumentCache corgi:https://registry.npmjs.org/js-yaml cache-miss
224 silly packumentCache corgi:https://registry.npmjs.org/eslint cache-miss
225 silly packumentCache corgi:https://registry.npmjs.org/baseline-browser-mapping cache-miss
226 silly packumentCache corgi:https://registry.npmjs.org/browserslist cache-miss
227 silly packumentCache corgi:https://registry.npmjs.org/acorn cache-miss
228 http cache next@https://registry.npmjs.org/next/-/next-16.2.4.tgz 0ms (cache hit)
229 silly packumentCache corgi:https://registry.npmjs.org/semver cache-miss
230 silly packumentCache corgi:https://registry.npmjs.org/json5 cache-miss
231 silly packumentCache corgi:https://registry.npmjs.org/semver cache-miss
232 silly packumentCache corgi:https://registry.npmjs.org/semver cache-miss
233 silly tarball no local data for next@https://registry.npmjs.org/next/-/next-16.2.4.tgz. Extracting by manifest.
234 http fetch POST 200 https://registry.npmjs.org/-/npm/v1/security/advisories/bulk 727ms
235 silly audit report {
235 silly audit report   postcss: [
235 silly audit report     {
235 silly audit report       id: 1117015,
235 silly audit report       url: 'https://github.com/advisories/GHSA-qx2v-qp2m-jg93',
235 silly audit report       title: 'PostCSS has XSS via Unescaped </style> in its CSS Stringify Output',
235 silly audit report       severity: 'moderate',
235 silly audit report       vulnerable_versions: '<8.5.10',
235 silly audit report       cwe: [Array],
235 silly audit report       cvss: [Object]
235 silly audit report     }
235 silly audit report   ]
235 silly audit report }
236 silly packumentCache corgi:https://registry.npmjs.org/postcss cache-miss
237 http fetch GET 200 https://registry.npmjs.org/loose-envify 779ms (cache miss)
238 silly packumentCache corgi:https://registry.npmjs.org/loose-envify set size:undefined disposed:false
239 http fetch GET 200 https://registry.npmjs.org/napi-postinstall 786ms (cache miss)
240 silly packumentCache corgi:https://registry.npmjs.org/napi-postinstall set size:undefined disposed:false
241 http fetch GET 200 https://registry.npmjs.org/jsesc 804ms (cache miss)
242 silly packumentCache corgi:https://registry.npmjs.org/jsesc set size:undefined disposed:false
243 http fetch GET 200 https://registry.npmjs.org/which 824ms (cache miss)
244 silly packumentCache corgi:https://registry.npmjs.org/which set size:undefined disposed:false
245 http cache https://registry.npmjs.org/postcss 171ms (cache hit)
246 silly packumentCache corgi:https://registry.npmjs.org/postcss set size:343029 disposed:false
247 silly packumentCache corgi:https://registry.npmjs.org/next cache-miss
248 http fetch GET 200 https://registry.npmjs.org/update-browserslist-db 867ms (cache miss)
249 silly packumentCache corgi:https://registry.npmjs.org/update-browserslist-db set size:undefined disposed:false
250 http fetch GET 200 https://registry.npmjs.org/json5 933ms (cache miss)
251 silly packumentCache corgi:https://registry.npmjs.org/json5 set size:undefined disposed:false
252 http fetch GET 200 https://registry.npmjs.org/json5 993ms (cache miss)
253 silly packumentCache corgi:https://registry.npmjs.org/json5 set size:undefined disposed:false
254 http fetch GET 200 https://registry.npmjs.org/js-yaml 1042ms (cache miss)
255 silly packumentCache corgi:https://registry.npmjs.org/js-yaml set size:undefined disposed:false
256 http fetch GET 200 https://registry.npmjs.org/semver 1050ms (cache miss)
257 silly packumentCache corgi:https://registry.npmjs.org/semver set size:undefined disposed:false
258 http fetch GET 200 https://registry.npmjs.org/semver 1116ms (cache miss)
259 silly packumentCache corgi:https://registry.npmjs.org/semver set size:undefined disposed:false
260 http fetch GET 200 https://registry.npmjs.org/baseline-browser-mapping 1204ms (cache miss)
261 silly packumentCache corgi:https://registry.npmjs.org/baseline-browser-mapping set size:undefined disposed:false
262 http cache https://registry.npmjs.org/napi-postinstall/-/napi-postinstall-0.3.4.tgz 642ms (cache hit)
263 http cache https://registry.npmjs.org/loose-envify/-/loose-envify-1.4.0.tgz 661ms (cache hit)
264 http cache https://registry.npmjs.org/jsesc/-/jsesc-3.1.0.tgz 671ms (cache hit)
265 http cache https://registry.npmjs.org/which/-/which-2.0.2.tgz 655ms (cache hit)
266 http fetch GET 200 https://registry.npmjs.org/semver 1492ms (cache miss)
267 silly packumentCache corgi:https://registry.npmjs.org/semver set size:undefined disposed:false
268 http fetch GET 200 https://registry.npmjs.org/resolve 1508ms (cache miss)
269 silly packumentCache corgi:https://registry.npmjs.org/resolve set size:undefined disposed:false
270 http cache https://registry.npmjs.org/next 825ms (cache hit)
271 silly packumentCache corgi:https://registry.npmjs.org/next set size:24818194 disposed:false
272 http fetch GET 200 https://registry.npmjs.org/semver 3366ms (cache miss)
273 silly packumentCache corgi:https://registry.npmjs.org/semver set size:undefined disposed:false
274 http cache https://registry.npmjs.org/update-browserslist-db/-/update-browserslist-db-1.2.3.tgz 2529ms (cache hit)
275 http fetch GET 200 https://registry.npmjs.org/acorn 3398ms (cache miss)
276 silly packumentCache corgi:https://registry.npmjs.org/acorn set size:undefined disposed:false
277 http cache https://registry.npmjs.org/json5/-/json5-2.2.3.tgz 2466ms (cache hit)
278 http cache https://registry.npmjs.org/json5/-/json5-1.0.2.tgz 2436ms (cache hit)
279 http cache https://registry.npmjs.org/js-yaml/-/js-yaml-4.1.1.tgz 2392ms (cache hit)
280 http cache https://registry.npmjs.org/semver/-/semver-7.7.4.tgz 2383ms (cache hit)
281 http cache https://registry.npmjs.org/semver/-/semver-7.7.4.tgz 2331ms (cache hit)
282 http cache https://registry.npmjs.org/baseline-browser-mapping/-/baseline-browser-mapping-2.10.24.tgz 2307ms (cache hit)
283 http fetch GET 200 https://registry.npmjs.org/nanoid 3550ms (cache miss)
284 silly packumentCache corgi:https://registry.npmjs.org/nanoid set size:undefined disposed:false
285 http cache https://registry.npmjs.org/semver/-/semver-6.3.1.tgz 2120ms (cache hit)
286 http cache https://registry.npmjs.org/resolve/-/resolve-2.0.0-next.6.tgz 2109ms (cache hit)
287 http fetch GET 200 https://registry.npmjs.org/browserslist 3623ms (cache miss)
288 silly packumentCache corgi:https://registry.npmjs.org/browserslist set size:undefined disposed:false
289 http cache https://registry.npmjs.org/semver/-/semver-7.7.4.tgz 295ms (cache hit)
290 http cache https://registry.npmjs.org/acorn/-/acorn-8.16.0.tgz 307ms (cache hit)
291 http fetch GET 200 https://registry.npmjs.org/@babel%2fparser 3727ms (cache miss)
292 silly packumentCache corgi:https://registry.npmjs.org/@babel%2fparser set size:undefined disposed:false
293 http cache https://registry.npmjs.org/nanoid/-/nanoid-3.3.12.tgz 220ms (cache hit)
294 http cache https://registry.npmjs.org/browserslist/-/browserslist-4.28.2.tgz 186ms (cache hit)
295 http fetch GET 200 https://registry.npmjs.org/eslint 4015ms (cache miss)
296 silly packumentCache corgi:https://registry.npmjs.org/eslint set size:undefined disposed:false
297 http fetch GET 200 https://registry.npmjs.org/@babel/parser/-/parser-7.29.3.tgz 329ms (cache revalidated)
298 http cache https://registry.npmjs.org/eslint/-/eslint-9.39.1.tgz 163ms (cache hit)
299 http fetch GET 200 https://registry.npmjs.org/typescript 4986ms (cache miss)
300 silly packumentCache corgi:https://registry.npmjs.org/typescript set size:undefined disposed:false
301 http cache https://registry.npmjs.org/typescript/-/typescript-6.0.3.tgz 326ms (cache hit)
302 http fetch GET 200 https://registry.npmjs.org/next/-/next-16.2.4.tgz 97982ms (cache miss)
303 silly CHANGE node_modules/@typescript-eslint/typescript-estree/node_modules/semver
304 silly REMOVE node_modules/@emnapi/runtime
305 silly CHANGE node_modules/@babel/parser
306 silly CHANGE node_modules/which
307 silly CHANGE node_modules/update-browserslist-db
308 silly CHANGE node_modules/typescript
309 silly CHANGE node_modules/tsconfig-paths/node_modules/json5
310 silly CHANGE node_modules/sharp/node_modules/semver
311 silly CHANGE node_modules/semver
312 silly CHANGE node_modules/resolve
313 silly CHANGE node_modules/napi-postinstall
314 silly CHANGE node_modules/nanoid
315 silly CHANGE node_modules/loose-envify
316 silly CHANGE node_modules/json5
317 silly CHANGE node_modules/jsesc
318 silly CHANGE node_modules/js-yaml
319 silly CHANGE node_modules/is-bun-module/node_modules/semver
320 silly CHANGE node_modules/eslint
321 silly CHANGE node_modules/browserslist
322 silly CHANGE node_modules/baseline-browser-mapping
323 silly CHANGE node_modules/acorn
324 silly CHANGE node_modules/next
325 verbose cwd C:\abogadotech
326 verbose os Windows_NT 10.0.19045
327 verbose node v24.14.0
328 verbose npm  v11.9.0
329 verbose exit 0
330 info ok
